<?xml version="1.0" encoding="UTF-8"?>
<testng-results ignored="0" total="2" passed="2" failed="0" skipped="0">
  <reporter-output>
  </reporter-output>
  <suite started-at="2023-01-05T21:44:00 EET" name="Default suite" finished-at="2023-01-05T21:44:09 EET" duration-ms="8937">
    <groups>
    </groups>
    <test started-at="2023-01-05T21:44:00 EET" name="Default test" finished-at="2023-01-05T21:44:09 EET" duration-ms="8937">
      <class name="HelloWorld.LoginTest">
        <test-method is-config="true" signature="SetUpDriver()[pri:0, instance:HelloWorld.LoginTest@54c5a2ff]" started-at="2023-01-05T21:44:00 EET" name="SetUpDriver" finished-at="2023-01-05T21:44:07 EET" duration-ms="6968" status="PASS">
          <reporter-output>
          </reporter-output>
        </test-method> <!-- SetUpDriver -->
        <test-method signature="InValidUserNameAndPassword()[pri:0, instance:HelloWorld.LoginTest@54c5a2ff]" started-at="2023-01-05T21:44:07 EET" name="InValidUserNameAndPassword" finished-at="2023-01-05T21:44:08 EET" duration-ms="853" status="PASS">
          <reporter-output>
          </reporter-output>
        </test-method> <!-- InValidUserNameAndPassword -->
        <test-method signature="ValidUserNameAndPassword()[pri:0, instance:HelloWorld.LoginTest@54c5a2ff]" started-at="2023-01-05T21:44:08 EET" name="ValidUserNameAndPassword" finished-at="2023-01-05T21:44:08 EET" duration-ms="794" status="PASS">
          <reporter-output>
          </reporter-output>
        </test-method> <!-- ValidUserNameAndPassword -->
        <test-method is-config="true" signature="CloseDriver()[pri:0, instance:HelloWorld.LoginTest@54c5a2ff]" started-at="2023-01-05T21:44:08 EET" name="CloseDriver" finished-at="2023-01-05T21:44:09 EET" duration-ms="250" status="PASS">
          <reporter-output>
          </reporter-output>
        </test-method> <!-- CloseDriver -->
      </class> <!-- HelloWorld.LoginTest -->
    </test> <!-- Default test -->
  </suite> <!-- Default suite -->
</testng-results>
